2023-09-13T19:26:36.833-07:00  INFO 3980 --- [main] c.d.j.s.d.r.PersonRepositoryTest         : Starting PersonRepositoryTest using Java 19.0.1 with PID 3980 (started by dervi in C:\Users\dervi\OneDrive\Desktop\Java-Spring\demo)
2023-09-13T19:26:36.843-07:00  INFO 3980 --- [main] c.d.j.s.d.r.PersonRepositoryTest         : No active profile set, falling back to 1 default profile: "default"
2023-09-13T19:26:37.348-07:00  INFO 3980 --- [main] .s.d.r.c.RepositoryConfigurationDelegate : Bootstrapping Spring Data JPA repositories in DEFAULT mode.
2023-09-13T19:26:37.419-07:00  INFO 3980 --- [main] .s.d.r.c.RepositoryConfigurationDelegate : Finished Spring Data repository scanning in 61 ms. Found 1 JPA repository interfaces.
2023-09-13T19:26:37.486-07:00  INFO 3980 --- [main] beddedDataSourceBeanFactoryPostProcessor : Replacing 'dataSource' DataSource bean with embedded version
2023-09-13T19:26:37.752-07:00  INFO 3980 --- [main] o.s.j.d.e.EmbeddedDatabaseFactory        : Starting embedded database: url='jdbc:h2:mem:8e96ab05-60a7-4e1c-a775-0f098917a6b2;DB_CLOSE_DELAY=-1;DB_CLOSE_ON_EXIT=false', username='sa'
2023-09-13T19:26:38.126-07:00  INFO 3980 --- [main] o.hibernate.jpa.internal.util.LogHelper  : HHH000204: Processing PersistenceUnitInfo [name: default]
2023-09-13T19:26:38.218-07:00  INFO 3980 --- [main] org.hibernate.Version                    : HHH000412: Hibernate ORM core version 6.1.5.Final
2023-09-13T19:26:38.456-07:00  WARN 3980 --- [main] org.hibernate.orm.deprecation            : HHH90000021: Encountered deprecated setting [javax.persistence.sharedCache.mode], use [jakarta.persistence.sharedCache.mode] instead
2023-09-13T19:26:38.656-07:00  INFO 3980 --- [main] SQL dialect                              : HHH000400: Using dialect: org.hibernate.dialect.H2Dialect
2023-09-13T19:26:39.615-07:00  INFO 3980 --- [main] o.h.e.t.j.p.i.JtaPlatformInitiator       : HHH000490: Using JtaPlatform implementation: [org.hibernate.engine.transaction.jta.platform.internal.NoJtaPlatform]
2023-09-13T19:26:39.625-07:00  INFO 3980 --- [main] j.LocalContainerEntityManagerFactoryBean : Initialized JPA EntityManagerFactory for persistence unit 'default'
2023-09-13T19:26:40.288-07:00  INFO 3980 --- [main] c.d.j.s.d.r.PersonRepositoryTest         : Started PersonRepositoryTest in 3.954 seconds (process running for 5.178)
2023-09-13T19:26:40.611-07:00  INFO 3980 --- [SpringApplicationShutdownHook] j.LocalContainerEntityManagerFactoryBean : Closing JPA EntityManagerFactory for persistence unit 'default'
2023-09-13T19:26:40.612-07:00  INFO 3980 --- [SpringApplicationShutdownHook] .SchemaDropperImpl$DelayedDropActionImpl : HHH000477: Starting delayed evictData of schema as part of SessionFactory shut-down'
2023-09-13T19:27:07.104-07:00  INFO 15548 --- [main] c.d.j.s.d.c.PersonControllerTest         : Starting PersonControllerTest using Java 19.0.1 with PID 15548 (started by dervi in C:\Users\dervi\OneDrive\Desktop\Java-Spring\demo)
2023-09-13T19:27:07.105-07:00  INFO 15548 --- [main] c.d.j.s.d.c.PersonControllerTest         : No active profile set, falling back to 1 default profile: "default"
2023-09-13T19:27:09.024-07:00  WARN 15548 --- [main] .s.s.UserDetailsServiceAutoConfiguration : 

Using generated security password: 82c32b11-4d4d-4fd4-9170-01471b65ad2a

This generated password is for development use only. Your security configuration must be updated before running your application in production.

2023-09-13T19:27:09.166-07:00  INFO 15548 --- [main] o.s.s.web.DefaultSecurityFilterChain     : Will secure any request with [org.springframework.security.web.session.DisableEncodeUrlFilter@3d0d120b, org.springframework.security.web.context.request.async.WebAsyncManagerIntegrationFilter@6b5c134e, org.springframework.security.web.context.SecurityContextHolderFilter@150d6eaf, org.springframework.security.web.header.HeaderWriterFilter@66020d69, org.springframework.security.web.csrf.CsrfFilter@7282af25, org.springframework.security.web.authentication.logout.LogoutFilter@664db2ca, org.springframework.security.web.authentication.UsernamePasswordAuthenticationFilter@1201769d, org.springframework.security.web.authentication.ui.DefaultLoginPageGeneratingFilter@13e00016, org.springframework.security.web.authentication.ui.DefaultLogoutPageGeneratingFilter@34d9df9f, org.springframework.security.web.authentication.www.BasicAuthenticationFilter@374c3975, org.springframework.security.web.savedrequest.RequestCacheAwareFilter@591f6f83, org.springframework.security.web.servletapi.SecurityContextHolderAwareRequestFilter@6615237, org.springframework.security.web.authentication.AnonymousAuthenticationFilter@35c8be21, org.springframework.security.web.access.ExceptionTranslationFilter@7345f97d, org.springframework.security.web.access.intercept.AuthorizationFilter@5844a2d1]
2023-09-13T19:27:09.249-07:00  INFO 15548 --- [main] o.s.b.t.m.w.SpringBootMockServletContext : Initializing Spring TestDispatcherServlet ''
2023-09-13T19:27:09.251-07:00  INFO 15548 --- [main] o.s.t.web.servlet.TestDispatcherServlet  : Initializing Servlet ''
2023-09-13T19:27:09.253-07:00  INFO 15548 --- [main] o.s.t.web.servlet.TestDispatcherServlet  : Completed initialization in 2 ms
2023-09-13T19:27:09.285-07:00  INFO 15548 --- [main] c.d.j.s.d.c.PersonControllerTest         : Started PersonControllerTest in 2.587 seconds (process running for 3.723)
2023-09-13T19:29:24.424-07:00  INFO 19700 --- [main] c.d.j.s.d.c.PersonControllerTest         : Starting PersonControllerTest using Java 19.0.1 with PID 19700 (started by dervi in C:\Users\dervi\OneDrive\Desktop\Java-Spring\demo)
2023-09-13T19:29:24.426-07:00  INFO 19700 --- [main] c.d.j.s.d.c.PersonControllerTest         : No active profile set, falling back to 1 default profile: "default"
2023-09-13T19:29:26.108-07:00  INFO 19700 --- [main] o.s.b.t.m.w.SpringBootMockServletContext : Initializing Spring TestDispatcherServlet ''
2023-09-13T19:29:26.108-07:00  INFO 19700 --- [main] o.s.t.web.servlet.TestDispatcherServlet  : Initializing Servlet ''
2023-09-13T19:29:26.109-07:00  INFO 19700 --- [main] o.s.t.web.servlet.TestDispatcherServlet  : Completed initialization in 1 ms
2023-09-13T19:29:26.141-07:00  INFO 19700 --- [main] c.d.j.s.d.c.PersonControllerTest         : Started PersonControllerTest in 2.135 seconds (process running for 3.303)
2023-09-13T19:29:26.454-07:00  INFO 19700 --- [main] c.d.j.s.d.controller.PersonController    : Person controller: savePerson : reqBody param:Person(id=null, name=Devis, age=18, address=Tirana)

2023-09-13T20:40:35.089-07:00  INFO 9296 --- [main] c.d.j.s.d.c.PersonControllerTest         : Starting PersonControllerTest using Java 19.0.1 with PID 9296 (started by dervi in C:\Users\dervi\OneDrive\Desktop\Java-Spring\demo)
2023-09-13T20:40:35.091-07:00  INFO 9296 --- [main] c.d.j.s.d.c.PersonControllerTest         : No active profile set, falling back to 1 default profile: "default"
2023-09-13T20:40:36.710-07:00  INFO 9296 --- [main] o.s.b.t.m.w.SpringBootMockServletContext : Initializing Spring TestDispatcherServlet ''
2023-09-13T20:40:36.711-07:00  INFO 9296 --- [main] o.s.t.web.servlet.TestDispatcherServlet  : Initializing Servlet ''
2023-09-13T20:40:36.713-07:00  INFO 9296 --- [main] o.s.t.web.servlet.TestDispatcherServlet  : Completed initialization in 1 ms
2023-09-13T20:40:36.744-07:00  INFO 9296 --- [main] c.d.j.s.d.c.PersonControllerTest         : Started PersonControllerTest in 2.059 seconds (process running for 3.208)
2023-09-13T20:40:37.015-07:00  INFO 9296 --- [main] c.d.j.s.d.controller.PersonController    : Person controller: savePerson : reqBody param:Person(id=null, name=Devis, age=18, address=Tirana)

